[debug] [2024-08-23T22:08:12.376Z] ----------------------------------------------------------------------
[debug] [2024-08-23T22:08:12.380Z] Command:       C:\Program Files\nodejs\node.exe C:\Users\19102\AppData\Roaming\npm\node_modules\firebase-tools\lib\bin\firebase.js init
[debug] [2024-08-23T22:08:12.380Z] CLI Version:   13.15.4
[debug] [2024-08-23T22:08:12.381Z] Platform:      win32
[debug] [2024-08-23T22:08:12.381Z] Node Version:  v18.17.0
[debug] [2024-08-23T22:08:12.382Z] Time:          Fri Aug 23 2024 18:08:12 GMT-0400 (Eastern Daylight Time)
[debug] [2024-08-23T22:08:12.383Z] ----------------------------------------------------------------------
[debug] 
[debug] [2024-08-23T22:08:12.498Z] > command requires scopes: ["email","openid","https://www.googleapis.com/auth/cloudplatformprojects.readonly","https://www.googleapis.com/auth/firebase","https://www.googleapis.com/auth/cloud-platform"]
[debug] [2024-08-23T22:08:12.499Z] > authorizing via signed-in user (scervapp@gmail.com)
[info] 
     ######## #### ########  ######## ########     ###     ######  ########
     ##        ##  ##     ## ##       ##     ##  ##   ##  ##       ##
     ######    ##  ########  ######   ########  #########  ######  ######
     ##        ##  ##    ##  ##       ##     ## ##     ##       ## ##
     ##       #### ##     ## ######## ########  ##     ##  ######  ########

You're about to initialize a Firebase project in this directory:

  C:\Users\19102\Documents\projects\firebase\scervmvp

Before we get started, keep in mind:

  * You are initializing within an existing Firebase project directory

[info] 
=== Project Setup
[info] 
[info] First, let's associate this project directory with a Firebase project.
[info] You can create multiple project aliases by running firebase use --add, 
[info] but for now we'll just set up a default project.
[info] 
[debug] [2024-08-23T22:08:32.272Z] Using project from CLI flag: scervmvp
[debug] [2024-08-23T22:08:32.274Z] >>> [apiv2][query] GET https://firebase.googleapis.com/v1beta1/projects/scervmvp [none]
[debug] [2024-08-23T22:08:32.793Z] <<< [apiv2][status] GET https://firebase.googleapis.com/v1beta1/projects/scervmvp 200
[debug] [2024-08-23T22:08:32.793Z] <<< [apiv2][body] GET https://firebase.googleapis.com/v1beta1/projects/scervmvp {"projectId":"scervmvp","projectNumber":"606076519772","displayName":"scervmvp","name":"projects/scervmvp","resources":{"hostingSite":"scervmvp","storageBucket":"scervmvp.appspot.com","locationId":"us-central"},"state":"ACTIVE","etag":"1_3980fa14-56b1-4d0e-a0ec-f04d96408076"}
[info] i  Using project scervmvp (scervmvp) 
[info] 
=== Functions Setup
[debug] [2024-08-23T22:08:32.810Z] > command requires scopes: ["email","openid","https://www.googleapis.com/auth/cloudplatformprojects.readonly","https://www.googleapis.com/auth/firebase","https://www.googleapis.com/auth/cloud-platform"]
[debug] [2024-08-23T22:08:32.811Z] > authorizing via signed-in user (scervapp@gmail.com)
[debug] [2024-08-23T22:08:32.811Z] [iam] checking project scervmvp for permissions ["firebase.projects.get"]
[debug] [2024-08-23T22:08:32.812Z] >>> [apiv2][query] POST https://cloudresourcemanager.googleapis.com/v1/projects/scervmvp:testIamPermissions [none]
[debug] [2024-08-23T22:08:32.812Z] >>> [apiv2][(partial)header] POST https://cloudresourcemanager.googleapis.com/v1/projects/scervmvp:testIamPermissions x-goog-quota-user=projects/scervmvp
[debug] [2024-08-23T22:08:32.812Z] >>> [apiv2][body] POST https://cloudresourcemanager.googleapis.com/v1/projects/scervmvp:testIamPermissions {"permissions":["firebase.projects.get"]}
[debug] [2024-08-23T22:08:33.261Z] <<< [apiv2][status] POST https://cloudresourcemanager.googleapis.com/v1/projects/scervmvp:testIamPermissions 200
[debug] [2024-08-23T22:08:33.261Z] <<< [apiv2][body] POST https://cloudresourcemanager.googleapis.com/v1/projects/scervmvp:testIamPermissions {"permissions":["firebase.projects.get"]}
[debug] [2024-08-23T22:08:33.262Z] >>> [apiv2][query] GET https://serviceusage.googleapis.com/v1/projects/scervmvp/services/cloudfunctions.googleapis.com [none]
[debug] [2024-08-23T22:08:33.262Z] >>> [apiv2][(partial)header] GET https://serviceusage.googleapis.com/v1/projects/scervmvp/services/cloudfunctions.googleapis.com x-goog-quota-user=projects/scervmvp
[debug] [2024-08-23T22:08:33.264Z] >>> [apiv2][query] GET https://serviceusage.googleapis.com/v1/projects/scervmvp/services/runtimeconfig.googleapis.com [none]
[debug] [2024-08-23T22:08:33.264Z] >>> [apiv2][(partial)header] GET https://serviceusage.googleapis.com/v1/projects/scervmvp/services/runtimeconfig.googleapis.com x-goog-quota-user=projects/scervmvp
[debug] [2024-08-23T22:08:33.794Z] <<< [apiv2][status] GET https://serviceusage.googleapis.com/v1/projects/scervmvp/services/runtimeconfig.googleapis.com 200
[debug] [2024-08-23T22:08:33.794Z] <<< [apiv2][body] GET https://serviceusage.googleapis.com/v1/projects/scervmvp/services/runtimeconfig.googleapis.com [omitted]
[debug] [2024-08-23T22:08:33.869Z] <<< [apiv2][status] GET https://serviceusage.googleapis.com/v1/projects/scervmvp/services/cloudfunctions.googleapis.com 200
[debug] [2024-08-23T22:08:33.869Z] <<< [apiv2][body] GET https://serviceusage.googleapis.com/v1/projects/scervmvp/services/cloudfunctions.googleapis.com [omitted]
[info] 
Detected existing codebase(s): default

[info] Let's create a new codebase for your functions.
[info] A directory corresponding to the codebase will be created in your project
[info] with sample code pre-configured.

[info] See https://firebase.google.com/docs/functions/organize-functions for
[info] more information on organizing your functions using codebases.

[info] Functions can be deployed with firebase deploy.

[error] Invalid codebase name. Codebase must be less than 64 characters and can contain only lowercase letters, numeric characters, underscores, and dashes.
